[debug] [2025-05-03T21:04:35.628Z] ----------------------------------------------------------------------
[debug] [2025-05-03T21:04:35.631Z] Command:       C:\Program Files\nodejs\node.exe C:\Users\Shaneyboy\AppData\Roaming\npm\node_modules\firebase-tools\lib\bin\firebase.js init
[debug] [2025-05-03T21:04:35.631Z] CLI Version:   14.2.2
[debug] [2025-05-03T21:04:35.632Z] Platform:      win32
[debug] [2025-05-03T21:04:35.632Z] Node Version:  v22.15.0
[debug] [2025-05-03T21:04:35.632Z] Time:          Sat May 03 2025 22:04:35 GMT+0100 (Irish Standard Time)
[debug] [2025-05-03T21:04:35.632Z] ----------------------------------------------------------------------
[debug] 
[debug] [2025-05-03T21:04:35.634Z] >>> [apiv2][query] GET https://firebase-public.firebaseio.com/cli.json [none]
[debug] [2025-05-03T21:04:35.846Z] > command requires scopes: ["email","openid","https://www.googleapis.com/auth/cloudplatformprojects.readonly","https://www.googleapis.com/auth/firebase","https://www.googleapis.com/auth/cloud-platform"]
[debug] [2025-05-03T21:04:35.846Z] > authorizing via signed-in user (shanebrannick@gmail.com)
[info] 
     ######## #### ########  ######## ########     ###     ######  ########
     ##        ##  ##     ## ##       ##     ##  ##   ##  ##       ##
     ######    ##  ########  ######   ########  #########  ######  ######
     ##        ##  ##    ##  ##       ##     ## ##     ##       ## ##
     ##       #### ##     ## ######## ########  ##     ##  ######  ########

You're about to initialize a Firebase project in this directory:

  C:\Users\Shaneyboy\VsCode\moonlight-repo

Before we get started, keep in mind:

  * You are initializing within an existing Firebase project directory

[debug] [2025-05-03T21:04:36.115Z] <<< [apiv2][status] GET https://firebase-public.firebaseio.com/cli.json 200
[debug] [2025-05-03T21:04:36.115Z] <<< [apiv2][body] GET https://firebase-public.firebaseio.com/cli.json {"cloudBuildErrorAfter":1594252800000,"cloudBuildWarnAfter":1590019200000,"defaultNode10After":1594252800000,"minVersion":"3.0.5","node8DeploysDisabledAfter":1613390400000,"node8RuntimeDisabledAfter":1615809600000,"node8WarnAfter":1600128000000}
